[debug] > Exec(early(addDefaultCommands), None, None)
[debug] > Exec(addDefaultCommands, None, None)
[debug] > Exec(early(initialize), None, None)
[debug] > Exec(initialize, None, None)
[debug] > Exec(boot, None, None)
[debug] > Exec(writeSbtVersion, None, None)
[debug] > Exec(reload, None, None)
[debug] > Exec(sbtStashOnFailure, None, None)
[debug] > Exec(onFailure loadFailed, None, None)
[debug] > Exec(loadp, None, None)
[info] welcome to sbt 1.10.7 (Oracle Corporation Java 23)
[debug] Load.defaultLoad until apply took 385.926389ms
[debug]           Load.loadUnit: plugins took 345.493206ms
[debug]           Load.loadUnit: defsScala took 0.726625ms
[debug] [Loading] Scanning directory /home/santiago/Documents/FIUBA/75-Computación/Algoritmos y Programacion III/Paradigmas/1-funcional/ejercicios/project
[debug] [Loading] Found non-root projects 
[debug] [Loading] Done in /home/santiago/Documents/FIUBA/75-Computación/Algoritmos y Programacion III/Paradigmas/1-funcional/ejercicios/project, returning: ()
[debug] deducing auto plugins based on known facts Set(Atom(sbt.plugins.CorePlugin)) and clauses Clauses(Clause(Atom(sbt.plugins.JvmPlugin),Set(Atom(sbt.plugins.IvyPlugin)))
[debug] Clause(Atom(sbt.ScriptedPlugin),Set(Atom(sbt.plugins.JvmPlugin)))
[debug] Clause(Atom(sbt.plugins.SbtPlugin),Set(Atom(sbt.ScriptedPlugin)))
[debug] Clause(Atom(sbt.plugins.SemanticdbPlugin),Set(Atom(sbt.plugins.JvmPlugin)))
[debug] Clause(Atom(sbt.plugins.JUnitXmlReportPlugin),Set(Atom(sbt.plugins.JvmPlugin)))
[debug] Clause(Atom(sbt.plugins.MiniDependencyTreePlugin),Set(Atom(sbt.plugins.JvmPlugin)))
[debug] Clause(Atom(sbt.plugins.CorePlugin),Set(Atom(sbt.plugins.IvyPlugin)))
[debug] Clause(Atom(sbt.plugins.IvyPlugin),Set(Atom(sbt.plugins.JvmPlugin)))
[debug] Clause(Atom(sbt.plugins.JvmPlugin),Set(Atom(sbt.plugins.SemanticdbPlugin)))
[debug] Clause(Atom(sbt.plugins.JvmPlugin),Set(Atom(sbt.plugins.JUnitXmlReportPlugin)))
[debug] Clause(Atom(sbt.plugins.CorePlugin),Set(Atom(sbt.plugins.Giter8TemplatePlugin)))
[debug] Clause(Atom(sbt.plugins.JvmPlugin),Set(Atom(sbt.plugins.MiniDependencyTreePlugin))))
[debug]   :: deduced result: Matched(sbt.plugins.CorePlugin,sbt.plugins.Giter8TemplatePlugin,sbt.plugins.IvyPlugin,sbt.plugins.JvmPlugin,sbt.plugins.MiniDependencyTreePlugin,sbt.plugins.JUnitXmlReportPlugin,sbt.plugins.SemanticdbPlugin)
[debug] Plugins.deducer#function took 86.466652 ms
[debug]               Load.resolveProject(ejercicios-build) took 139.003895ms
[debug]             Load.loadTransitive: finalizeProject(Project(id ejercicios-build, base: /home/santiago/Documents/FIUBA/75-Computación/Algoritmos y Programacion III/Paradigmas/1-funcional/ejercicios/project, plugins: List(<none>))) took 299.157789ms
[debug] [Loading] Done in /home/santiago/Documents/FIUBA/75-Computación/Algoritmos y Programacion III/Paradigmas/1-funcional/ejercicios/project, returning: (ejercicios-build)
[debug]           Load.loadUnit: loadedProjectsRaw took 369.229485ms
[debug]           Load.loadUnit: cleanEvalClasses took 0.44176ms
[debug]         Load.loadUnit(file:/home/santiago/Documents/FIUBA/75-Computación/Algoritmos%20y%20Programacion%20III/Paradigmas/1-funcional/ejercicios/project/, ...) took 742.873707ms
[debug]       Load.apply: load took 1493.480167ms
[debug]       Load.apply: resolveProjects took 12.89912ms
[debug]       Load.apply: finalTransforms took 323.220261ms
[debug]       Load.apply: config.delegates took 19.604249ms
[debug]       Load.apply: Def.make(settings)... took 1594.599211ms
[debug]       Load.apply: structureIndex took 354.889163ms
[debug]       Load.apply: mkStreams took 9.609658ms
[info] loading project definition from /home/santiago/Documents/FIUBA/75-Computación/Algoritmos y Programacion III/Paradigmas/1-funcional/ejercicios/project
[debug] Running task... Cancel: Signal, check cycles: false, forcegc: true
[debug]     Load.loadUnit: plugins took 6522.69199ms
[debug]     Load.loadUnit: defsScala took 0.008021ms
[debug] [Loading] Scanning directory /home/santiago/Documents/FIUBA/75-Computación/Algoritmos y Programacion III/Paradigmas/1-funcional/ejercicios
[debug]       Load.loadUnit: mkEval took 11.185513ms
[debug] [Loading] Found root project root w/ remaining 
[debug] deducing auto plugins based on known facts Set(Atom(sbt.plugins.CorePlugin)) and clauses Clauses(Clause(Atom(sbt.plugins.JvmPlugin),Set(Atom(sbt.plugins.IvyPlugin)))
[debug] Clause(Atom(sbt.ScriptedPlugin),Set(Atom(sbt.plugins.JvmPlugin)))
[debug] Clause(Atom(sbt.plugins.SbtPlugin),Set(Atom(sbt.ScriptedPlugin)))
[debug] Clause(Atom(sbt.plugins.SemanticdbPlugin),Set(Atom(sbt.plugins.JvmPlugin)))
[debug] Clause(Atom(sbt.plugins.JUnitXmlReportPlugin),Set(Atom(sbt.plugins.JvmPlugin)))
[debug] Clause(Atom(sbt.plugins.MiniDependencyTreePlugin),Set(Atom(sbt.plugins.JvmPlugin)))
[debug] Clause(Atom(sbt.plugins.CorePlugin),Set(Atom(sbt.plugins.IvyPlugin)))
[debug] Clause(Atom(sbt.plugins.IvyPlugin),Set(Atom(sbt.plugins.JvmPlugin)))
[debug] Clause(Atom(sbt.plugins.JvmPlugin),Set(Atom(sbt.plugins.SemanticdbPlugin)))
[debug] Clause(Atom(sbt.plugins.JvmPlugin),Set(Atom(sbt.plugins.JUnitXmlReportPlugin)))
[debug] Clause(Atom(sbt.plugins.CorePlugin),Set(Atom(sbt.plugins.Giter8TemplatePlugin)))
[debug] Clause(Atom(sbt.plugins.JvmPlugin),Set(Atom(sbt.plugins.MiniDependencyTreePlugin))))
[debug]   :: deduced result: Matched(sbt.plugins.CorePlugin,sbt.plugins.Giter8TemplatePlugin,sbt.plugins.IvyPlugin,sbt.plugins.JvmPlugin,sbt.plugins.MiniDependencyTreePlugin,sbt.plugins.JUnitXmlReportPlugin,sbt.plugins.SemanticdbPlugin)
[debug] Plugins.deducer#function took 6.082002 ms
[info] loading settings for project root from build.sbt...
[debug]         Load.resolveProject(root) took 7.435503ms
[debug]       Load.loadTransitive: finalizeProject(Project(id root, base: /home/santiago/Documents/FIUBA/75-Computación/Algoritmos y Programacion III/Paradigmas/1-funcional/ejercicios, plugins: List(<none>))) took 16.013474ms
[debug] [Loading] Done in /home/santiago/Documents/FIUBA/75-Computación/Algoritmos y Programacion III/Paradigmas/1-funcional/ejercicios, returning: (root)
[debug]     Load.loadUnit: loadedProjectsRaw took 348.442896ms
[debug]     Load.loadUnit: cleanEvalClasses took 6.760318ms
[debug]   Load.loadUnit(file:/home/santiago/Documents/FIUBA/75-Computación/Algoritmos%20y%20Programacion%20III/Paradigmas/1-funcional/ejercicios/, ...) took 6884.329047ms
[debug] Load.apply: load took 6985.336688ms
[debug] Load.apply: resolveProjects took 1.017433ms
[debug] Load.apply: finalTransforms took 98.021836ms
[debug] Load.apply: config.delegates took 1.525132ms
[debug] Load.apply: Def.make(settings)... took 444.195218ms
[debug] Load.apply: structureIndex took 103.011613ms
[debug] Load.apply: mkStreams took 0.0055ms
[info] set current project to ejercicios (in build file:/home/santiago/Documents/FIUBA/75-Computación/Algoritmos%20y%20Programacion%20III/Paradigmas/1-funcional/ejercicios/)
[debug] > Exec(sbtPopOnFailure, None, None)
[debug] > Exec(resumeFromFailure, None, None)
[debug] > Exec(notifyUsersAboutShell, None, None)
[debug] > Exec(iflast shell, None, None)
[debug] > Exec(~run, None, None)
[info] sbt server started at local:///home/santiago/.sbt/1.0/server/2e914553c7d5d54c950e/sock
[debug] Writing bsp connection file
[info] started sbt server
[debug] > Exec(__runWatch console0, None, None)
[debug] > Exec(sbtStashOnFailure, None, None)
[debug] > Exec(__preWatch console0, None, None)
[debug] > Exec(run, None, None)
[debug] Evaluating tasks: Compile / run
[debug] Running task... Cancel: Signal, check cycles: false, forcegc: true
[info] compiling 1 Scala source to /home/santiago/Documents/FIUBA/75-Computación/Algoritmos y Programacion III/Paradigmas/1-funcional/ejercicios/target/scala-3.3.4/classes ...
[warn] -- [E029] Pattern Match Exhaustivity Warning: /home/santiago/Documents/FIUBA/75-Computación/Algoritmos y Programacion III/Paradigmas/1-funcional/ejercicios/src/main/scala/ejercicios.scala:89:29 
[warn] 89 |  def max(l:List[Int]):Int = l match {
[warn]    |                             ^
[warn]    |                             match may not be exhaustive.
[warn]    |
[warn]    |                             It would fail on pattern case: Nil
[warn]    |
[warn]    | longer explanation available when compiling with `-explain`
[warn] one warning found
[info] done compiling
[success] Total time: 16 s, completed Jan 29, 2025, 4:06:07 PM
[debug] > Exec(resumeFromFailure, None, None)
[debug] > Exec(sbtPopOnFailure, None, None)
[debug] > Exec(__postWatch console0, None, None)
[debug] > Exec(__waitWatch console0, None, None)
