[debug] > Exec(early(addDefaultCommands), None, None)
[debug] > Exec(addDefaultCommands, None, None)
[debug] > Exec(early(initialize), None, None)
[debug] > Exec(initialize, None, None)
[debug] > Exec(boot, None, None)
[debug] > Exec(writeSbtVersion, None, None)
[debug] > Exec(reload, None, None)
[debug] > Exec(sbtStashOnFailure, None, None)
[debug] > Exec(onFailure loadFailed, None, None)
[debug] > Exec(loadp, None, None)
[info] welcome to sbt 1.10.7 (Oracle Corporation Java 23)
[debug] Load.defaultLoad until apply took 428.840098ms
[debug]           Load.loadUnit: plugins took 327.217946ms
[debug]           Load.loadUnit: defsScala took 2.814285ms
[debug] [Loading] Scanning directory /home/santiago/Documents/FIUBA/75-Computación/Algoritmos y Programacion III/Paradigmas/1-funcional/ejercicios/project
[debug] [Loading] Found non-root projects 
[debug] [Loading] Done in /home/santiago/Documents/FIUBA/75-Computación/Algoritmos y Programacion III/Paradigmas/1-funcional/ejercicios/project, returning: ()
[debug] deducing auto plugins based on known facts Set(Atom(sbt.plugins.CorePlugin)) and clauses Clauses(Clause(Atom(sbt.plugins.JvmPlugin),Set(Atom(sbt.plugins.IvyPlugin)))
[debug] Clause(Atom(sbt.ScriptedPlugin),Set(Atom(sbt.plugins.JvmPlugin)))
[debug] Clause(Atom(sbt.plugins.SbtPlugin),Set(Atom(sbt.ScriptedPlugin)))
[debug] Clause(Atom(sbt.plugins.SemanticdbPlugin),Set(Atom(sbt.plugins.JvmPlugin)))
[debug] Clause(Atom(sbt.plugins.JUnitXmlReportPlugin),Set(Atom(sbt.plugins.JvmPlugin)))
[debug] Clause(Atom(sbt.plugins.MiniDependencyTreePlugin),Set(Atom(sbt.plugins.JvmPlugin)))
[debug] Clause(Atom(sbt.plugins.CorePlugin),Set(Atom(sbt.plugins.IvyPlugin)))
[debug] Clause(Atom(sbt.plugins.IvyPlugin),Set(Atom(sbt.plugins.JvmPlugin)))
[debug] Clause(Atom(sbt.plugins.JvmPlugin),Set(Atom(sbt.plugins.SemanticdbPlugin)))
[debug] Clause(Atom(sbt.plugins.JvmPlugin),Set(Atom(sbt.plugins.JUnitXmlReportPlugin)))
[debug] Clause(Atom(sbt.plugins.CorePlugin),Set(Atom(sbt.plugins.Giter8TemplatePlugin)))
[debug] Clause(Atom(sbt.plugins.JvmPlugin),Set(Atom(sbt.plugins.MiniDependencyTreePlugin))))
[debug]   :: deduced result: Matched(sbt.plugins.CorePlugin,sbt.plugins.Giter8TemplatePlugin,sbt.plugins.IvyPlugin,sbt.plugins.JvmPlugin,sbt.plugins.MiniDependencyTreePlugin,sbt.plugins.JUnitXmlReportPlugin,sbt.plugins.SemanticdbPlugin)
[debug] Plugins.deducer#function took 88.885556 ms
[debug]               Load.resolveProject(ejercicios-build) took 144.14419ms
[debug]             Load.loadTransitive: finalizeProject(Project(id ejercicios-build, base: /home/santiago/Documents/FIUBA/75-Computación/Algoritmos y Programacion III/Paradigmas/1-funcional/ejercicios/project, plugins: List(<none>))) took 317.550544ms
[debug] [Loading] Done in /home/santiago/Documents/FIUBA/75-Computación/Algoritmos y Programacion III/Paradigmas/1-funcional/ejercicios/project, returning: (ejercicios-build)
[debug]           Load.loadUnit: loadedProjectsRaw took 419.538612ms
[debug]           Load.loadUnit: cleanEvalClasses took 0.551571ms
[debug]         Load.loadUnit(file:/home/santiago/Documents/FIUBA/75-Computación/Algoritmos%20y%20Programacion%20III/Paradigmas/1-funcional/ejercicios/project/, ...) took 782.335114ms
[debug]       Load.apply: load took 1503.662646ms
[debug]       Load.apply: resolveProjects took 34.726891ms
[debug]       Load.apply: finalTransforms took 346.597732ms
[debug]       Load.apply: config.delegates took 17.409613ms
[debug]       Load.apply: Def.make(settings)... took 1952.817974ms
[debug]       Load.apply: structureIndex took 552.96835ms
[debug]       Load.apply: mkStreams took 10.179051ms
[info] loading project definition from /home/santiago/Documents/FIUBA/75-Computación/Algoritmos y Programacion III/Paradigmas/1-funcional/ejercicios/project
[debug] Running task... Cancel: Signal, check cycles: false, forcegc: true
[debug]     Load.loadUnit: plugins took 7689.179703ms
[debug]     Load.loadUnit: defsScala took 0.006407ms
[debug] [Loading] Scanning directory /home/santiago/Documents/FIUBA/75-Computación/Algoritmos y Programacion III/Paradigmas/1-funcional/ejercicios
[debug]       Load.loadUnit: mkEval took 10.313678ms
[debug] [Loading] Found root project root w/ remaining 
[debug] deducing auto plugins based on known facts Set(Atom(sbt.plugins.CorePlugin)) and clauses Clauses(Clause(Atom(sbt.plugins.JvmPlugin),Set(Atom(sbt.plugins.IvyPlugin)))
[debug] Clause(Atom(sbt.ScriptedPlugin),Set(Atom(sbt.plugins.JvmPlugin)))
[debug] Clause(Atom(sbt.plugins.SbtPlugin),Set(Atom(sbt.ScriptedPlugin)))
[debug] Clause(Atom(sbt.plugins.SemanticdbPlugin),Set(Atom(sbt.plugins.JvmPlugin)))
[debug] Clause(Atom(sbt.plugins.JUnitXmlReportPlugin),Set(Atom(sbt.plugins.JvmPlugin)))
[debug] Clause(Atom(sbt.plugins.MiniDependencyTreePlugin),Set(Atom(sbt.plugins.JvmPlugin)))
[debug] Clause(Atom(sbt.plugins.CorePlugin),Set(Atom(sbt.plugins.IvyPlugin)))
[debug] Clause(Atom(sbt.plugins.IvyPlugin),Set(Atom(sbt.plugins.JvmPlugin)))
[debug] Clause(Atom(sbt.plugins.JvmPlugin),Set(Atom(sbt.plugins.SemanticdbPlugin)))
[debug] Clause(Atom(sbt.plugins.JvmPlugin),Set(Atom(sbt.plugins.JUnitXmlReportPlugin)))
[debug] Clause(Atom(sbt.plugins.CorePlugin),Set(Atom(sbt.plugins.Giter8TemplatePlugin)))
[debug] Clause(Atom(sbt.plugins.JvmPlugin),Set(Atom(sbt.plugins.MiniDependencyTreePlugin))))
[debug]   :: deduced result: Matched(sbt.plugins.CorePlugin,sbt.plugins.Giter8TemplatePlugin,sbt.plugins.IvyPlugin,sbt.plugins.JvmPlugin,sbt.plugins.MiniDependencyTreePlugin,sbt.plugins.JUnitXmlReportPlugin,sbt.plugins.SemanticdbPlugin)
[debug] Plugins.deducer#function took 4.278934 ms
[info] loading settings for project root from build.sbt...
[debug]         Load.resolveProject(root) took 14.752757ms
[debug]       Load.loadTransitive: finalizeProject(Project(id root, base: /home/santiago/Documents/FIUBA/75-Computación/Algoritmos y Programacion III/Paradigmas/1-funcional/ejercicios, plugins: List(<none>))) took 23.661262ms
[debug] [Loading] Done in /home/santiago/Documents/FIUBA/75-Computación/Algoritmos y Programacion III/Paradigmas/1-funcional/ejercicios, returning: (root)
[debug]     Load.loadUnit: loadedProjectsRaw took 401.936853ms
[debug]     Load.loadUnit: cleanEvalClasses took 17.421411ms
[debug]   Load.loadUnit(file:/home/santiago/Documents/FIUBA/75-Computación/Algoritmos%20y%20Programacion%20III/Paradigmas/1-funcional/ejercicios/, ...) took 8114.93894ms
[debug] Load.apply: load took 8249.558928ms
[debug] Load.apply: resolveProjects took 0.745985ms
[debug] Load.apply: finalTransforms took 94.239834ms
[debug] Load.apply: config.delegates took 0.929145ms
[debug] Load.apply: Def.make(settings)... took 415.688462ms
[debug] Load.apply: structureIndex took 210.018769ms
[debug] Load.apply: mkStreams took 0.006552ms
[info] set current project to ejercicios (in build file:/home/santiago/Documents/FIUBA/75-Computación/Algoritmos%20y%20Programacion%20III/Paradigmas/1-funcional/ejercicios/)
[debug] > Exec(sbtPopOnFailure, None, None)
[debug] > Exec(resumeFromFailure, None, None)
[debug] > Exec(notifyUsersAboutShell, None, None)
[debug] > Exec(iflast shell, None, None)
[debug] > Exec(~run, None, None)
[info] sbt server started at local:///home/santiago/.sbt/1.0/server/2e914553c7d5d54c950e/sock
[debug] Writing bsp connection file
[info] started sbt server
[debug] > Exec(__runWatch console0, None, None)
[debug] > Exec(sbtStashOnFailure, None, None)
[debug] > Exec(__preWatch console0, None, None)
[debug] > Exec(run, None, None)
[debug] Evaluating tasks: Compile / run
[debug] Running task... Cancel: Signal, check cycles: false, forcegc: true
[info] compiling 1 Scala source to /home/santiago/Documents/FIUBA/75-Computación/Algoritmos y Programacion III/Paradigmas/1-funcional/ejercicios/target/scala-3.3.4/classes ...
[info] done compiling
[success] Total time: 11 s, completed Jan 26, 2025, 7:50:00 AM
[debug] > Exec(resumeFromFailure, None, None)
[debug] > Exec(sbtPopOnFailure, None, None)
[debug] > Exec(__postWatch console0, None, None)
[debug] > Exec(__waitWatch console0, None, None)
