[debug] > Exec(__runWatch console0, Some(faa01425-9add-4242-8c4a-7b442c7e0770), Some(CommandSource(console0)))
[debug] > Exec(sbtStashOnFailure, None, Some(CommandSource(console0)))
[debug] > Exec(__preWatch console0, None, Some(CommandSource(console0)))
[debug] > Exec(run, None, Some(CommandSource(console0)))
[debug] Evaluating tasks: Compile / run
[debug] Running task... Cancel: Signal, check cycles: false, forcegc: true
[info] compiling 1 Scala source to /home/santiago/Documents/FIUBA/75-Computación/Algoritmos y Programacion III/Paradigmas/1-funcional/ejercicios/target/scala-3.3.4/classes ...
[error] -- [E007] Type Mismatch Error: /home/santiago/Documents/FIUBA/75-Computación/Algoritmos y Programacion III/Paradigmas/1-funcional/ejercicios/src/main/scala/ejercicios.scala:10:13 
[error] 10 |    case fin => 
[error]    |             ^^
[error]    |             Found:    Unit
[error]    |             Required: List[Int]
[error]    |
[error]    | longer explanation available when compiling with `-explain`
[error] one error found
[error] (Compile / compileIncremental) Compilation failed
[error] Total time: 4 s, completed Jan 28, 2025, 9:43:49 AM
[debug] > Exec(resumeFromFailure, None, Some(CommandSource(console0)))
[debug] > Exec(sbtPopOnFailure, None, Some(CommandSource(console0)))
[debug] > Exec(__postWatch console0, None, Some(CommandSource(console0)))
[debug] > Exec(resumeFromFailure, None, None)
[debug] > Exec(__waitWatch console0, None, None)
